<?xml version="1.0" encoding="UTF-8"?>
<testng-results ignored="0" total="3" passed="2" failed="1" skipped="0">
  <reporter-output>
  </reporter-output>
  <suite started-at="2024-03-13T19:18:38 IST" name="Default suite" finished-at="2024-03-13T19:18:54 IST" duration-ms="16135">
    <groups>
    </groups>
    <test started-at="2024-03-13T19:18:38 IST" name="Default test" finished-at="2024-03-13T19:18:54 IST" duration-ms="16135">
      <class name="TestNGdemo.Read_and_write">
        <test-method is-config="true" signature="beforeTest()[pri:0, instance:TestNGdemo.Read_and_write@6eda5c9]" started-at="2024-03-13T19:18:38 IST" name="beforeTest" finished-at="2024-03-13T19:18:45 IST" duration-ms="7212" status="PASS">
          <reporter-output>
          </reporter-output>
        </test-method> <!-- beforeTest -->
        <test-method signature="loginohrm(java.lang.String,java.lang.String)[pri:0, instance:TestNGdemo.Read_and_write@6eda5c9]" started-at="2024-03-13T19:18:45 IST" name="loginohrm" data-provider="Read_and_write" finished-at="2024-03-13T19:18:47 IST" duration-ms="1855" status="PASS">
          <params>
            <param index="0">
              <value>
                <![CDATA[admin]]>
              </value>
            </param>
            <param index="1">
              <value>
                <![CDATA[admin123]]>
              </value>
            </param>
          </params>
          <reporter-output>
          </reporter-output>
        </test-method> <!-- loginohrm -->
        <test-method is-config="true" signature="afterMethod()[pri:0, instance:TestNGdemo.Read_and_write@6eda5c9]" started-at="2024-03-13T19:18:47 IST" name="afterMethod" finished-at="2024-03-13T19:18:49 IST" duration-ms="1748" status="PASS">
          <reporter-output>
          </reporter-output>
        </test-method> <!-- afterMethod -->
        <test-method signature="loginohrm(java.lang.String,java.lang.String)[pri:0, instance:TestNGdemo.Read_and_write@6eda5c9]" started-at="2024-03-13T19:18:49 IST" name="loginohrm" data-provider="Read_and_write" finished-at="2024-03-13T19:18:50 IST" duration-ms="1248" status="FAIL">
          <params>
            <param index="0">
              <value>
                <![CDATA[sriram]]>
              </value>
            </param>
            <param index="1">
              <value>
                <![CDATA[sriram123]]>
              </value>
            </param>
          </params>
          <exception class="java.lang.AssertionError">
            <message>
              <![CDATA[expected [true] but found [false]]]>
            </message>
            <full-stacktrace>
              <![CDATA[java.lang.AssertionError: expected [true] but found [false]
at org.testng.Assert.fail(Assert.java:99)
at org.testng.Assert.failNotEquals(Assert.java:1037)
at org.testng.Assert.assertTrue(Assert.java:45)
at org.testng.Assert.assertTrue(Assert.java:55)
at TestNGdemo.Read_and_write.loginohrm(Read_and_write.java:46)
at java.base/jdk.internal.reflect.DirectMethodHandleAccessor.invoke(DirectMethodHandleAccessor.java:103)
at java.base/java.lang.reflect.Method.invoke(Method.java:580)
at org.testng.internal.MethodInvocationHelper.invokeMethod(MethodInvocationHelper.java:133)
at org.testng.internal.TestInvoker.invokeMethod(TestInvoker.java:598)
at org.testng.internal.TestInvoker.invokeTestMethod(TestInvoker.java:173)
at org.testng.internal.MethodRunner.runInSequence(MethodRunner.java:46)
at org.testng.internal.TestInvoker$MethodInvocationAgent.invoke(TestInvoker.java:824)
at org.testng.internal.TestInvoker.invokeTestMethods(TestInvoker.java:146)
at org.testng.internal.TestMethodWorker.invokeTestMethods(TestMethodWorker.java:146)
at org.testng.internal.TestMethodWorker.run(TestMethodWorker.java:128)
at java.base/java.util.ArrayList.forEach(ArrayList.java:1596)
at org.testng.TestRunner.privateRun(TestRunner.java:794)
at org.testng.TestRunner.run(TestRunner.java:596)
at org.testng.SuiteRunner.runTest(SuiteRunner.java:377)
at org.testng.SuiteRunner.runSequentially(SuiteRunner.java:371)
at org.testng.SuiteRunner.privateRun(SuiteRunner.java:332)
at org.testng.SuiteRunner.run(SuiteRunner.java:276)
at org.testng.SuiteRunnerWorker.runSuite(SuiteRunnerWorker.java:53)
at org.testng.SuiteRunnerWorker.run(SuiteRunnerWorker.java:96)
at org.testng.TestNG.runSuitesSequentially(TestNG.java:1212)
at org.testng.TestNG.runSuitesLocally(TestNG.java:1134)
at org.testng.TestNG.runSuites(TestNG.java:1063)
at org.testng.TestNG.run(TestNG.java:1031)
at org.testng.remote.AbstractRemoteTestNG.run(AbstractRemoteTestNG.java:115)
at org.testng.remote.RemoteTestNG.initAndRun(RemoteTestNG.java:251)
at org.testng.remote.RemoteTestNG.main(RemoteTestNG.java:77)
]]>
            </full-stacktrace>
          </exception> <!-- java.lang.AssertionError -->
          <reporter-output>
          </reporter-output>
        </test-method> <!-- loginohrm -->
        <test-method is-config="true" signature="afterMethod()[pri:0, instance:TestNGdemo.Read_and_write@6eda5c9]" started-at="2024-03-13T19:18:50 IST" name="afterMethod" finished-at="2024-03-13T19:18:50 IST" duration-ms="343" status="PASS">
          <reporter-output>
          </reporter-output>
        </test-method> <!-- afterMethod -->
        <test-method signature="loginohrm(java.lang.String,java.lang.String)[pri:0, instance:TestNGdemo.Read_and_write@6eda5c9]" started-at="2024-03-13T19:18:50 IST" name="loginohrm" data-provider="Read_and_write" finished-at="2024-03-13T19:18:52 IST" duration-ms="1330" status="PASS">
          <params>
            <param index="0">
              <value>
                <![CDATA[admin]]>
              </value>
            </param>
            <param index="1">
              <value>
                <![CDATA[admin123]]>
              </value>
            </param>
          </params>
          <reporter-output>
          </reporter-output>
        </test-method> <!-- loginohrm -->
        <test-method is-config="true" signature="afterMethod()[pri:0, instance:TestNGdemo.Read_and_write@6eda5c9]" started-at="2024-03-13T19:18:52 IST" name="afterMethod" finished-at="2024-03-13T19:18:54 IST" duration-ms="1997" status="PASS">
          <reporter-output>
          </reporter-output>
        </test-method> <!-- afterMethod -->
        <test-method is-config="true" signature="afterTest()[pri:0, instance:TestNGdemo.Read_and_write@6eda5c9]" started-at="2024-03-13T19:18:54 IST" name="afterTest" finished-at="2024-03-13T19:18:54 IST" duration-ms="363" status="PASS">
          <reporter-output>
          </reporter-output>
        </test-method> <!-- afterTest -->
      </class> <!-- TestNGdemo.Read_and_write -->
    </test> <!-- Default test -->
  </suite> <!-- Default suite -->
</testng-results>
